<?xml version="1.0" encoding="UTF-8"?>
<!-- Generated by org.testng.reporters.JUnitReportReporter -->
<testsuite skipped="0" hostname="DESKTOP-K2A62FH" name="com.testCases.Testcase_07" tests="1" failures="0" timestamp="02 Jun 2022 23:35:32 GMT" time="6.027" errors="0">
  <testcase name="candidateSignup" time="6.027" classname="com.testCases.Testcase_07"/>
</testsuite> <!-- com.testCases.Testcase_07 -->
