<?xml version="1.0" encoding="UTF-8"?>
<!-- Generated by org.testng.reporters.JUnitReportReporter -->
<testsuite skipped="0" hostname="DESKTOP-K2A62FH" name="com.testCases.Testcase_08" tests="1" failures="0" timestamp="02 Jun 2022 23:40:02 GMT" time="1.372" errors="0">
  <testcase name="candidateSignup" time="1.372" classname="com.testCases.Testcase_08"/>
</testsuite> <!-- com.testCases.Testcase_08 -->
