<?xml version="1.0" encoding="UTF-8"?>
<!-- Generated by org.testng.reporters.JUnitReportReporter -->
<testsuite skipped="0" hostname="DESKTOP-K2A62FH" name="com.testCases.Testcase_03" tests="1" failures="0" timestamp="30 May 2022 23:01:18 GMT" time="1.832" errors="0">
  <testcase name="loginTest02" time="1.832" classname="com.testCases.Testcase_03"/>
</testsuite> <!-- com.testCases.Testcase_03 -->
