<?xml version="1.0" encoding="UTF-8"?>
<!-- Generated by org.testng.reporters.JUnitReportReporter -->
<testsuite skipped="0" hostname="DESKTOP-K2A62FH" name="com.testCases.JMB_CALogin_011" tests="1" failures="0" timestamp="05 Jun 2022 00:07:04 GMT" time="3.080" errors="0">
  <testcase name="loginTest06" time="3.080" classname="com.testCases.JMB_CALogin_011"/>
</testsuite> <!-- com.testCases.JMB_CALogin_011 -->
