<?xml version="1.0" encoding="UTF-8"?>
<!-- Generated by org.testng.reporters.JUnitReportReporter -->
<testsuite skipped="0" hostname="DESKTOP-K2A62FH" name="com.testCases.JMB_CALogin_004" tests="1" failures="0" timestamp="05 Jun 2022 00:07:04 GMT" time="2.089" errors="0">
  <testcase name="loginTest04" time="2.089" classname="com.testCases.JMB_CALogin_004"/>
</testsuite> <!-- com.testCases.JMB_CALogin_004 -->
