<?xml version="1.0" encoding="UTF-8"?>
<!-- Generated by org.testng.reporters.JUnitReportReporter -->
<testsuite skipped="0" hostname="DESKTOP-K2A62FH" name="com.testCases.Testcase_04" tests="1" failures="0" timestamp="02 Jun 2022 00:23:57 GMT" time="2.253" errors="0">
  <testcase name="loginTest04" time="2.253" classname="com.testCases.Testcase_04"/>
</testsuite> <!-- com.testCases.Testcase_04 -->
