<?xml version="1.0" encoding="UTF-8"?>
<!-- Generated by org.testng.reporters.JUnitReportReporter -->
<testsuite skipped="0" hostname="DESKTOP-K2A62FH" name="com.testCases.Testcase_Company_02" tests="1" failures="0" timestamp="03 Jun 2022 00:48:10 GMT" time="6.979" errors="0">
  <testcase name="loginTest01" time="6.979" classname="com.testCases.Testcase_Company_02"/>
</testsuite> <!-- com.testCases.Testcase_Company_02 -->
