<?xml version="1.0" encoding="UTF-8"?>
<!-- Generated by org.testng.reporters.JUnitReportReporter -->
<testsuite skipped="0" hostname="DESKTOP-K2A62FH" name="com.testCases.JMB_CALogin_003" tests="1" failures="0" timestamp="07 Jun 2022 00:08:18 GMT" time="1.610" errors="0">
  <testcase name="loginTest03" time="1.610" classname="com.testCases.JMB_CALogin_003"/>
</testsuite> <!-- com.testCases.JMB_CALogin_003 -->
