<?xml version="1.0" encoding="UTF-8"?>
<!-- Generated by org.testng.reporters.JUnitReportReporter -->
<testsuite skipped="0" hostname="DESKTOP-K2A62FH" name="com.testCases.Testcase_01" tests="1" failures="0" timestamp="30 May 2022 21:55:34 GMT" time="6.394" errors="0">
  <testcase name="loginTest" time="6.394" classname="com.testCases.Testcase_01"/>
</testsuite> <!-- com.testCases.Testcase_01 -->
