<?xml version="1.0" encoding="UTF-8"?>
<!-- Generated by org.testng.reporters.JUnitReportReporter -->
<testsuite skipped="0" hostname="DESKTOP-K2A62FH" name="com.testCases.JMB_CALogin_001" tests="1" failures="0" timestamp="05 Jun 2022 00:07:05 GMT" time="7.114" errors="0">
  <testcase name="loginTest01" time="7.114" classname="com.testCases.JMB_CALogin_001"/>
</testsuite> <!-- com.testCases.JMB_CALogin_001 -->
