<?xml version="1.0" encoding="UTF-8"?>
<!-- Generated by org.testng.reporters.JUnitReportReporter -->
<testsuite skipped="0" hostname="DESKTOP-K2A62FH" name="com.testCases.JMB_CALogin_009" tests="1" failures="0" timestamp="07 Jun 2022 00:08:19 GMT" time="1.007" errors="0">
  <testcase name="loginTest09" time="1.007" classname="com.testCases.JMB_CALogin_009"/>
</testsuite> <!-- com.testCases.JMB_CALogin_009 -->
